<?xml version="1.0" encoding="UTF-8"?>
<!-- Generated by org.testng.reporters.JUnitReportReporter -->
<testsuite skipped="0" hostname="DESKTOP-KHVE45V" name="com.gazt.testcases.HomePageTest" tests="9" failures="0" timestamp="27 Nov 2018 19:00:57 GMT" time="16.621" errors="0">
  <testcase name="homePageTitleTest" time="0.041" classname="com.gazt.testcases.HomePageTest"/>
  <testcase name="wordPressLogoTest" time="0.178" classname="com.gazt.testcases.HomePageTest"/>
  <testcase name="productLinkTest" time="0.053" classname="com.gazt.testcases.HomePageTest"/>
  <testcase name="featureLinkTest" time="0.186" classname="com.gazt.testcases.HomePageTest"/>
  <testcase name="resourcesLinkTest" time="0.047" classname="com.gazt.testcases.HomePageTest"/>
  <testcase name="plansAndPricingTest" time="0.052" classname="com.gazt.testcases.HomePageTest"/>
  <testcase name="loginLinkClick" time="7.874" classname="com.gazt.testcases.HomePageTest"/>
  <testcase name="getStartedLinkClick" time="4.449" classname="com.gazt.testcases.HomePageTest"/>
  <testcase name="startYourWebsiteButtonClick" time="3.741" classname="com.gazt.testcases.HomePageTest"/>
</testsuite> <!-- com.gazt.testcases.HomePageTest -->
