<?xml version="1.0" encoding="UTF-8"?>
<!-- Generated by org.testng.reporters.JUnitReportReporter -->
<testsuite skipped="0" hostname="DESKTOP-KHVE45V" name="com.gazt.testcases.HomePageTest" tests="9" failures="0" timestamp="28 Nov 2018 16:12:04 GMT" time="41.102" errors="0">
  <testcase name="homePageTitleTest" time="0.234" classname="com.gazt.testcases.HomePageTest"/>
  <testcase name="wordPressLogoTest" time="0.489" classname="com.gazt.testcases.HomePageTest"/>
  <testcase name="productLinkTest" time="0.078" classname="com.gazt.testcases.HomePageTest"/>
  <testcase name="featureLinkTest" time="0.081" classname="com.gazt.testcases.HomePageTest"/>
  <testcase name="resourcesLinkTest" time="0.104" classname="com.gazt.testcases.HomePageTest"/>
  <testcase name="plansAndPricingTest" time="0.734" classname="com.gazt.testcases.HomePageTest"/>
  <testcase name="loginLinkClick" time="18.443" classname="com.gazt.testcases.HomePageTest"/>
  <testcase name="getStartedLinkClick" time="18.355" classname="com.gazt.testcases.HomePageTest"/>
  <testcase name="startYourWebsiteButtonClick" time="2.584" classname="com.gazt.testcases.HomePageTest"/>
</testsuite> <!-- com.gazt.testcases.HomePageTest -->
