<?xml version="1.0" encoding="UTF-8"?>
<!-- Generated by org.testng.reporters.JUnitReportReporter -->
<testsuite skipped="1" hostname="DESKTOP-KHVE45V" name="com.gazt.testcases.HomePageTest" tests="10" failures="0" timestamp="30 Nov 2018 05:31:35 GMT" time="65.923" errors="0">
  <testcase name="homePageTitleTest" time="0.020" classname="com.gazt.testcases.HomePageTest"/>
  <testcase name="wordPressLogoTest" time="0.159" classname="com.gazt.testcases.HomePageTest"/>
  <testcase name="productLinkTest" time="0.100" classname="com.gazt.testcases.HomePageTest"/>
  <testcase name="featureLinkTest" time="0.471" classname="com.gazt.testcases.HomePageTest"/>
  <testcase name="resourcesLinkTest" time="0.234" classname="com.gazt.testcases.HomePageTest"/>
  <testcase name="plansAndPricingTest" time="0.120" classname="com.gazt.testcases.HomePageTest"/>
  <testcase name="loginLinkClick" time="9.110" classname="com.gazt.testcases.HomePageTest"/>
  <testcase name="loginLinkClick" time="45.867" classname="com.gazt.testcases.HomePageTest">
    <skipped/>
  </testcase> <!-- loginLinkClick -->
  <testcase name="getStartedLinkClick" time="6.452" classname="com.gazt.testcases.HomePageTest"/>
  <testcase name="startYourWebsiteButtonClick" time="3.390" classname="com.gazt.testcases.HomePageTest"/>
</testsuite> <!-- com.gazt.testcases.HomePageTest -->
